<?xml version="1.0" encoding="UTF-8"?>
<testsuite name="Home Page Test with chrome"
           tests="8"
           failures="0"
           errors="0"
           skipped="0"
           time="101.255">
  <properties />
  
  
            <testcase name="createsp5" time="10.982" classname="com.cure.softweb.RUN.HomePage" />
                <testcase name="createsp7" time="5.865" classname="com.cure.softweb.RUN.HomePage" />
                <testcase name="createsp3" time="3.407" classname="com.cure.softweb.RUN.HomePage" />
                <testcase name="createsp4" time="14.287" classname="com.cure.softweb.RUN.HomePage" />
                <testcase name="login" time="16.321" classname="com.cure.softweb.RUN.HomePage" />
                <testcase name="createsp1" time="36.319" classname="com.cure.softweb.RUN.HomePage" />
                <testcase name="createsp2" time="1.976" classname="com.cure.softweb.RUN.HomePage" />
                <testcase name="createsp6" time="12.098" classname="com.cure.softweb.RUN.HomePage" />
      
</testsuite>
