<?xml version="1.0" encoding="UTF-8"?>
<testng-results skipped="0" failed="0" total="3" passed="3">
  <reporter-output>
  </reporter-output>
  <suite name="Test suite 1" duration-ms="125097" started-at="2017-06-22T07:20:05Z" finished-at="2017-06-22T07:22:10Z">
    <groups>
    </groups>
    <test name="Home Page Test with chrome" duration-ms="125097" started-at="2017-06-22T07:20:05Z" finished-at="2017-06-22T07:22:10Z">
      <class name="com.cure.softweb.RUN.HomePage">
        <test-method status="PASS" signature="initiateBrowsers(java.lang.String, java.lang.String)[pri:0, instance:com.cure.softweb.RUN.HomePage@6e1ec318]" name="initiateBrowsers" is-config="true" duration-ms="77972" started-at="2017-06-22T12:50:05Z" finished-at="2017-06-22T12:51:23Z">
          <params>
            <param index="0">
              <value>
                <![CDATA[chrome]]>
              </value>
            </param>
            <param index="1">
              <value>
                <![CDATA[http://swb.cureaccelerator.org]]>
              </value>
            </param>
          </params>
          <reporter-output>
          </reporter-output>
        </test-method> <!-- initiateBrowsers -->
        <test-method status="PASS" signature="login(java.lang.String, java.lang.String)[pri:1, instance:com.cure.softweb.RUN.HomePage@6e1ec318]" name="login" duration-ms="8316" started-at="2017-06-22T12:51:25Z" data-provider="Login" finished-at="2017-06-22T12:51:33Z">
          <params>
            <param index="0">
              <value>
                <![CDATA[bsoftwebsolutions]]>
              </value>
            </param>
            <param index="1">
              <value>
                <![CDATA[testing!123]]>
              </value>
            </param>
          </params>
          <reporter-output>
          </reporter-output>
        </test-method> <!-- login -->
        <test-method status="PASS" signature="createsp1(java.lang.String, java.lang.String, java.lang.String, java.lang.String, java.lang.String, java.lang.String, java.lang.String, java.lang.String, java.lang.String)[pri:2, instance:com.cure.softweb.RUN.HomePage@6e1ec318]" name="createsp1" duration-ms="35060" started-at="2017-06-22T12:51:33Z" data-provider="Project Overview database" finished-at="2017-06-22T12:52:08Z">
          <params>
            <param index="0">
              <value>
                <![CDATA[Wednesday test proposal]]>
              </value>
            </param>
            <param index="1">
              <value>
                <![CDATA[Wednesday test proposal]]>
              </value>
            </param>
            <param index="2">
              <value>
                <![CDATA[Lorem Ipsum is simply dummy text of the printing and typesetting industry. Lorem Ipsum has been the industry's standard dummy text ever since the 1500s, when an unknown printer took a galley of type and scrambled it to make a type specimen book. It has survived not only five centuries, but also the leap into electronic typesetting, remaining essentially unchanged. It was popularised in the 1960s with the release of Letraset sheets containing Lorem Ipsum passages, and more recently with desktop publishing software like Aldus PageMaker including versions of Lorem Ipsum.]]>
              </value>
            </param>
            <param index="3">
              <value>
                <![CDATA[BISWAJIT, MIKE SHINODA]]>
              </value>
            </param>
            <param index="4">
              <value>
                <![CDATA[CALIFORNIA UNIVERSITY]]>
              </value>
            </param>
            <param index="5">
              <value>
                <![CDATA[Gastrointestinal]]>
              </value>
            </param>
            <param index="6">
              <value>
                <![CDATA[Chorditis]]>
              </value>
            </param>
            <param index="7">
              <value>
                <![CDATA[Test the background]]>
              </value>
            </param>
            <param index="8">
              <value>
                <![CDATA[aromatherapy]]>
              </value>
            </param>
          </params>
          <reporter-output>
          </reporter-output>
        </test-method> <!-- createsp1 -->
        <test-method status="PASS" signature="createsp2(java.lang.String, java.lang.String, java.lang.String, java.lang.String, java.lang.String, java.lang.String, java.lang.String, java.lang.String)[pri:3, instance:com.cure.softweb.RUN.HomePage@6e1ec318]" name="createsp2" duration-ms="1994" started-at="2017-06-22T12:52:08Z" data-provider="Project funding data" finished-at="2017-06-22T12:52:10Z">
          <params>
            <param index="0">
              <value>
                <![CDATA[1000.0]]>
              </value>
            </param>
            <param index="1">
              <value>
                <![CDATA[2000.0]]>
              </value>
            </param>
            <param index="2">
              <value>
                <![CDATA[119994]]>
              </value>
            </param>
            <param index="3">
              <value>
                <![CDATA[6000]]>
              </value>
            </param>
            <param index="4">
              <value>
                <![CDATA[0.0]]>
              </value>
            </param>
            <param index="5">
              <value>
                <![CDATA[47250]]>
              </value>
            </param>
            <param index="6">
              <value>
                <![CDATA[0.0]]>
              </value>
            </param>
            <param index="7">
              <value>
                <![CDATA[126756]]>
              </value>
            </param>
          </params>
          <reporter-output>
          </reporter-output>
        </test-method> <!-- createsp2 -->
      </class> <!-- com.cure.softweb.RUN.HomePage -->
    </test> <!-- Home Page Test with chrome -->
  </suite> <!-- Test suite 1 -->
</testng-results>
