<?xml version="1.0" encoding="UTF-8"?>
<testng-results skipped="0" failed="1" total="8" passed="7">
  <reporter-output>
    <line>
      <![CDATA[<a href='D:\CURE-2017\caphase3\CAFailed\screenshots\failure_screenshots\login_30_06_2017_03_24_59.png'> <img src='D:\CURE-2017\caphase3\CAFailed\screenshots\failure_screenshots\login_30_06_2017_03_24_59.png' height='100' width='100'/> </a>]]>
    </line>
  </reporter-output>
  <suite name="Test suite 1" duration-ms="175164" started-at="2017-06-30T09:53:27Z" finished-at="2017-06-30T09:56:22Z">
    <groups>
    </groups>
    <test name="Home Page Test with chrome" duration-ms="175164" started-at="2017-06-30T09:53:27Z" finished-at="2017-06-30T09:56:22Z">
      <class name="com.cure.softweb.RUN.HomePage">
        <test-method status="PASS" signature="initiateBrowsers(java.lang.String, java.lang.String)[pri:0, instance:com.cure.softweb.RUN.HomePage@7e0b0338]" name="initiateBrowsers" is-config="true" duration-ms="77083" started-at="2017-06-30T15:23:27Z" finished-at="2017-06-30T15:24:44Z">
          <params>
            <param index="0">
              <value>
                <![CDATA[chrome]]>
              </value>
            </param>
            <param index="1">
              <value>
                <![CDATA[http://swb.cureaccelerator.org]]>
              </value>
            </param>
          </params>
          <reporter-output>
          </reporter-output>
        </test-method> <!-- initiateBrowsers -->
        <test-method status="FAIL" signature="login(java.lang.String, java.lang.String)[pri:1, instance:com.cure.softweb.RUN.HomePage@7e0b0338]" name="login" duration-ms="14442" started-at="2017-06-30T15:24:45Z" data-provider="Login" finished-at="2017-06-30T15:24:59Z">
          <params>
            <param index="0">
              <value>
                <![CDATA[bsoftwebsolutions]]>
              </value>
            </param>
            <param index="1">
              <value>
                <![CDATA[testing!123]]>
              </value>
            </param>
          </params>
          <exception class="java.io.IOException">
            <message>
              <![CDATA[The system cannot find the path specified]]>
            </message>
            <full-stacktrace>
              <![CDATA[java.io.IOException: The system cannot find the path specified
	at java.io.WinNTFileSystem.createFileExclusively(Native Method)
	at java.io.File.createNewFile(Unknown Source)
	at customreports.Reports.updateResult(Reports.java:34)
	at com.cure.softweb.RUN.HomePage.login(HomePage.java:61)
	at sun.reflect.NativeMethodAccessorImpl.invoke0(Native Method)
	at sun.reflect.NativeMethodAccessorImpl.invoke(Unknown Source)
	at sun.reflect.DelegatingMethodAccessorImpl.invoke(Unknown Source)
	at java.lang.reflect.Method.invoke(Unknown Source)
	at org.testng.internal.MethodInvocationHelper.invokeMethod(MethodInvocationHelper.java:100)
	at org.testng.internal.Invoker.invokeMethod(Invoker.java:646)
	at org.testng.internal.Invoker.invokeTestMethod(Invoker.java:811)
	at org.testng.internal.Invoker.invokeTestMethods(Invoker.java:1129)
	at org.testng.internal.TestMethodWorker.invokeTestMethods(TestMethodWorker.java:129)
	at org.testng.internal.TestMethodWorker.run(TestMethodWorker.java:112)
	at org.testng.TestRunner.privateRun(TestRunner.java:746)
	at org.testng.TestRunner.run(TestRunner.java:600)
	at org.testng.SuiteRunner.runTest(SuiteRunner.java:366)
	at org.testng.SuiteRunner.runSequentially(SuiteRunner.java:361)
	at org.testng.SuiteRunner.privateRun(SuiteRunner.java:319)
	at org.testng.SuiteRunner.run(SuiteRunner.java:268)
	at org.testng.SuiteRunnerWorker.runSuite(SuiteRunnerWorker.java:52)
	at org.testng.SuiteRunnerWorker.run(SuiteRunnerWorker.java:86)
	at org.testng.TestNG.runSuitesSequentially(TestNG.java:1264)
	at org.testng.TestNG.runSuitesLocally(TestNG.java:1189)
	at org.testng.TestNG.runSuites(TestNG.java:1104)
	at org.testng.TestNG.run(TestNG.java:1076)
	at org.testng.remote.AbstractRemoteTestNG.run(AbstractRemoteTestNG.java:126)
	at org.testng.remote.RemoteTestNG.initAndRun(RemoteTestNG.java:152)
	at org.testng.remote.RemoteTestNG.main(RemoteTestNG.java:57)
]]>
            </full-stacktrace>
          </exception> <!-- java.io.IOException -->
          <reporter-output>
            <line>
              <![CDATA[<a href='D:\CURE-2017\caphase3\CAFailed\screenshots\failure_screenshots\login_30_06_2017_03_24_59.png'> <img src='D:\CURE-2017\caphase3\CAFailed\screenshots\failure_screenshots\login_30_06_2017_03_24_59.png' height='100' width='100'/> </a>]]>
            </line>
          </reporter-output>
        </test-method> <!-- login -->
        <test-method status="PASS" signature="createsp1(java.lang.String, java.lang.String, java.lang.String, java.lang.String, java.lang.String, java.lang.String, java.lang.String, java.lang.String, java.lang.String, java.lang.String)[pri:2, instance:com.cure.softweb.RUN.HomePage@7e0b0338]" name="createsp1" duration-ms="32490" started-at="2017-06-30T15:25:00Z" data-provider="Project Overview database" finished-at="2017-06-30T15:25:32Z">
          <params>
            <param index="0">
              <value>
                <![CDATA[Spcl Proposal Friday 30 JUNE]]>
              </value>
            </param>
            <param index="1">
              <value>
                <![CDATA[JUNE Special Proposal]]>
              </value>
            </param>
            <param index="2">
              <value>
                <![CDATA[Lorem Ipsum is simply dummy text of the printing and typesetting industry. Lorem Ipsum has been the industry's standard dummy text ever since the 1500s, when an unknown printer took a galley of type and scrambled it to make a type specimen book. It has survived not only five centuries, but also the leap into electronic typesetting, remaining essentially unchanged. It was popularised in the 1960s with the release of Letraset sheets containing Lorem Ipsum passages, and more recently with desktop publishing software like Aldus PageMaker including versions of Lorem Ipsum.]]>
              </value>
            </param>
            <param index="3">
              <value>
                <![CDATA[BISWAJIT, MIKE SHINODA]]>
              </value>
            </param>
            <param index="4">
              <value>
                <![CDATA[CALIFORNIA UNIVERSITY]]>
              </value>
            </param>
            <param index="5">
              <value>
                <![CDATA[Gastrointestinal]]>
              </value>
            </param>
            <param index="6">
              <value>
                <![CDATA[Chorditis]]>
              </value>
            </param>
            <param index="7">
              <value>
                <![CDATA[Test the background]]>
              </value>
            </param>
            <param index="8">
              <value>
                <![CDATA[aromatherapy]]>
              </value>
            </param>
            <param index="9">
              <value>
                <![CDATA["But I must explain to you how all this mistaken idea of denouncing pleasure and praising pain was born and I will give you a complete account of the system, and expound the actual teachings of the great explorer of the truth, the master-builder of human happiness. No one rejects, dislikes, or avoids pleasure itself, because it is pleasure, but because those who do not know how to pursue pleasure rationally encounter consequences that are extremely painful. Nor again is there anyone who loves or pursues or desires to obtain pain of itself, because it is pain, but because occasionally circumstances occur in which toil and pain can procure him some great pleasure. To take a trivial example, which of us ever undertakes laborious physical exercise, except to obtain some advantage from it? But who has any right to find fault with a man who chooses to enjoy a pleasure that has no annoying consequences, or one who avoids a pain that produces no resultant pleasure?"]]>
              </value>
            </param>
          </params>
          <reporter-output>
          </reporter-output>
        </test-method> <!-- createsp1 -->
        <test-method status="PASS" signature="createsp2(java.lang.String, java.lang.String, java.lang.String, java.lang.String, java.lang.String, java.lang.String, java.lang.String, java.lang.String)[pri:3, instance:com.cure.softweb.RUN.HomePage@7e0b0338]" name="createsp2" duration-ms="1905" started-at="2017-06-30T15:25:32Z" data-provider="Project funding data" finished-at="2017-06-30T15:25:34Z">
          <params>
            <param index="0">
              <value>
                <![CDATA[1000.0]]>
              </value>
            </param>
            <param index="1">
              <value>
                <![CDATA[2000.0]]>
              </value>
            </param>
            <param index="2">
              <value>
                <![CDATA[119994]]>
              </value>
            </param>
            <param index="3">
              <value>
                <![CDATA[6000]]>
              </value>
            </param>
            <param index="4">
              <value>
                <![CDATA[0.0]]>
              </value>
            </param>
            <param index="5">
              <value>
                <![CDATA[47250]]>
              </value>
            </param>
            <param index="6">
              <value>
                <![CDATA[0.0]]>
              </value>
            </param>
            <param index="7">
              <value>
                <![CDATA[126756]]>
              </value>
            </param>
          </params>
          <reporter-output>
          </reporter-output>
        </test-method> <!-- createsp2 -->
        <test-method status="PASS" signature="createsp3(java.lang.String, java.lang.String, java.lang.String, java.lang.String)[pri:4, instance:com.cure.softweb.RUN.HomePage@7e0b0338]" name="createsp3" duration-ms="3409" started-at="2017-06-30T15:25:34Z" data-provider="Disease detail data" finished-at="2017-06-30T15:25:38Z">
          <params>
            <param index="0">
              <value>
                <![CDATA[Testing the estimated prevalance section]]>
              </value>
            </param>
            <param index="1">
              <value>
                <![CDATA[Testing Current treatment]]>
              </value>
            </param>
            <param index="2">
              <value>
                <![CDATA[25966.0]]>
              </value>
            </param>
            <param index="3">
              <value>
                <![CDATA[35255.0]]>
              </value>
            </param>
          </params>
          <reporter-output>
          </reporter-output>
        </test-method> <!-- createsp3 -->
        <test-method status="PASS" signature="createsp4(java.lang.String, java.lang.String, java.lang.String, java.lang.String, java.lang.String, java.lang.String, java.lang.String, java.lang.String, java.lang.String, java.lang.String, java.lang.String)[pri:5, instance:com.cure.softweb.RUN.HomePage@7e0b0338]" name="createsp4" duration-ms="14268" started-at="2017-06-30T15:25:38Z" data-provider="Trial details data" finished-at="2017-06-30T15:25:52Z">
          <params>
            <param index="0">
              <value>
                <![CDATA[11.0]]>
              </value>
            </param>
            <param index="1">
              <value>
                <![CDATA[12.0]]>
              </value>
            </param>
            <param index="2">
              <value>
                <![CDATA[110.0]]>
              </value>
            </param>
            <param index="3">
              <value>
                <![CDATA[100.0]]>
              </value>
            </param>
            <param index="4">
              <value>
                <![CDATA[Testing concers]]>
              </value>
            </param>
            <param index="5">
              <value>
                <![CDATA[Testing health]]>
              </value>
            </param>
            <param index="6">
              <value>
                <![CDATA[Testing healthcare]]>
              </value>
            </param>
            <param index="7">
              <value>
                <![CDATA[C:\Users\Biswajit.Ghosh\Desktop\Test_Data\TEST DATA UPLOAD\Sample Files\Files\MSWord\Sample MSWord file -1.docx]]>
              </value>
            </param>
            <param index="8">
              <value>
                <![CDATA[C:\Users\Biswajit.Ghosh\Desktop\Test_Data\TEST DATA UPLOAD\Sample Files\Files\MSWord\Sample MSWord file -2.docx]]>
              </value>
            </param>
            <param index="9">
              <value>
                <![CDATA[C:\Users\Biswajit.Ghosh\Desktop\Test_Data\TEST DATA UPLOAD\Sample Files\Files\MSWord\Sample MSWord file -3.docx]]>
              </value>
            </param>
            <param index="10">
              <value>
                <![CDATA[C:\Users\Biswajit.Ghosh\Desktop\Test_Data\TEST DATA UPLOAD\Sample Files\Files\MSWord\Sample MSWord file -5.docx]]>
              </value>
            </param>
          </params>
          <reporter-output>
          </reporter-output>
        </test-method> <!-- createsp4 -->
        <test-method status="PASS" signature="createsp5(java.lang.String, java.lang.String)[pri:6, instance:com.cure.softweb.RUN.HomePage@7e0b0338]" name="createsp5" duration-ms="10744" started-at="2017-06-30T15:25:52Z" data-provider="Evidence details data" finished-at="2017-06-30T15:26:03Z">
          <params>
            <param index="0">
              <value>
                <![CDATA[There are many variations of passages of Lorem Ipsum available, but the majority have suffered alteration in some form, by injected humour, or randomised words which don't look even slightly believable. If you are going to use a passage of Lorem Ipsum, you need to be sure there isn't anything embarrassing hidden in the middle of text. All the Lorem Ipsum generators on the Internet tend to repeat predefined chunks as necessary, making this the first true generator on the Internet. It uses a dictionary of over 200 Latin words, combined with a handful of model sentence structures, to generate Lorem Ipsum which looks reasonable. The generated Lorem Ipsum is therefore always free from repetition, injected humour, or non-characteristic words etc.]]>
              </value>
            </param>
            <param index="1">
              <value>
                <![CDATA[Contrary to popular belief, Lorem Ipsum is not simply random text. It has roots in a piece of classical Latin literature from 45 BC, making it over 2000 years old. Richard McClintock, a Latin professor at Hampden-Sydney College in Virginia, looked up one of the more obscure Latin words, consectetur, from a Lorem Ipsum passage, and going through the cites of the word in classical literature, discovered the undoubtable source. Lorem Ipsum comes from sections 1.10.32 and 1.10.33 of "de Finibus Bonorum et Malorum" (The Extremes of Good and Evil) by Cicero, written in 45 BC. This book is a treatise on the theory of ethics, very popular during the Renaissance. The first line of Lorem Ipsum, "Lorem ipsum dolor sit amet..", comes from a line in section 1.10.32.]]>
              </value>
            </param>
          </params>
          <reporter-output>
          </reporter-output>
        </test-method> <!-- createsp5 -->
        <test-method status="PASS" signature="createsp6(java.lang.String, java.lang.String, java.lang.String)[pri:7, instance:com.cure.softweb.RUN.HomePage@7e0b0338]" name="createsp6" duration-ms="11752" started-at="2017-06-30T15:26:03Z" data-provider="Patents and approval details data" finished-at="2017-06-30T15:26:15Z">
          <params>
            <param index="0">
              <value>
                <![CDATA[Lorem Ipsum is simply dummy text of the printing and typesetting industry. Lorem Ipsum has been the industry's standard dummy text ever since the 1500s, when an unknown printer took a galley of type and scrambled it to make a type specimen book. It has survived not only five centuries, but also the leap into electronic typesetting, remaining essentially unchanged. It was popularised in the 1960s with the release of Letraset sheets containing Lorem Ipsum passages, and more recently with desktop publishing software like Aldus PageMaker including versions of Lorem Ipsum.]]>
              </value>
            </param>
            <param index="1">
              <value>
                <![CDATA[Contrary to popular belief, Lorem Ipsum is not simply random text. It has roots in a piece of classical Latin literature from 45 BC, making it over 2000 years old. Richard McClintock, a Latin professor at Hampden-Sydney College in Virginia, looked up one of the more obscure Latin words, consectetur, from a Lorem Ipsum passage, and going through the cites of the word in classical literature, discovered the undoubtable source. Lorem Ipsum comes from sections 1.10.32 and 1.10.33 of "de Finibus Bonorum et Malorum" (The Extremes of Good and Evil) by Cicero, written in 45 BC. This book is a treatise on the theory of ethics, very popular during the Renaissance. The first line of Lorem Ipsum, "Lorem ipsum dolor sit amet..", comes from a line in section 1.10.32.]]>
              </value>
            </param>
            <param index="2">
              <value>
                <![CDATA[There are many variations of passages of Lorem Ipsum available, but the majority have suffered alteration in some form, by injected humour, or randomised words which don't look even slightly believable. If you are going to use a passage of Lorem Ipsum, you need to be sure there isn't anything embarrassing hidden in the middle of text. All the Lorem Ipsum generators on the Internet tend to repeat predefined chunks as necessary, making this the first true generator on the Internet. It uses a dictionary of over 200 Latin words, combined with a handful of model sentence structures, to generate Lorem Ipsum which looks reasonable. The generated Lorem Ipsum is therefore always free from repetition, injected humour, or non-characteristic words etc.]]>
              </value>
            </param>
          </params>
          <reporter-output>
          </reporter-output>
        </test-method> <!-- createsp6 -->
        <test-method status="PASS" signature="createsp7(java.lang.String, java.lang.String, java.lang.String, java.lang.String, java.lang.String, java.lang.String, java.lang.String, java.lang.String, java.lang.String)[pri:8, instance:com.cure.softweb.RUN.HomePage@7e0b0338]" name="createsp7" duration-ms="7178" started-at="2017-06-30T15:26:15Z" data-provider="Project Settings details data" finished-at="2017-06-30T15:26:22Z">
          <params>
            <param index="0">
              <value>
                <![CDATA[Biswajit]]>
              </value>
            </param>
            <param index="1">
              <value>
                <![CDATA[Ghosh]]>
              </value>
            </param>
            <param index="2">
              <value>
                <![CDATA[bsoftwebsolutions@gmail.com]]>
              </value>
            </param>
            <param index="3">
              <value>
                <![CDATA[Mike]]>
              </value>
            </param>
            <param index="4">
              <value>
                <![CDATA[Shinoda]]>
              </value>
            </param>
            <param index="5">
              <value>
                <![CDATA[mike@gmail.com]]>
              </value>
            </param>
            <param index="6">
              <value>
                <![CDATA[Joe ]]>
              </value>
            </param>
            <param index="7">
              <value>
                <![CDATA[Hahn]]>
              </value>
            </param>
            <param index="8">
              <value>
                <![CDATA[joeh@gmail.com]]>
              </value>
            </param>
          </params>
          <reporter-output>
          </reporter-output>
        </test-method> <!-- createsp7 -->
      </class> <!-- com.cure.softweb.RUN.HomePage -->
    </test> <!-- Home Page Test with chrome -->
  </suite> <!-- Test suite 1 -->
</testng-results>
