<?xml version="1.0" encoding="UTF-8"?>
<!-- Generated by org.testng.reporters.JUnitXMLReporter -->
<testsuite hostname="PC4155" ignored="0" name="Home Page Test with chrome" tests="8" failures="0" timestamp="03 Jul 2017 08:00:51 GMT" time="186.367" errors="0">
  <testcase name="@AfterTest terminate" time="0.01" classname="com.cure.softweb.RUN.HomePage">
    <failure type="java.lang.NoClassDefFoundError" message="com/sun/mail/util/MailLogger">
      <![CDATA[java.lang.NoClassDefFoundError: com/sun/mail/util/MailLogger
	at javax.mail.Session.initLogger(Session.java:230)
	at javax.mail.Session.<init>(Session.java:214)
	at javax.mail.Session.getDefaultInstance(Session.java:325)
	at emailReports.SendMailSSLWithAttachment.sendTheEmail(SendMailSSLWithAttachment.java:51)
	at com.cure.softweb.RUN.HomePage.terminate(HomePage.java:158)
Caused by: java.lang.ClassNotFoundException: com.sun.mail.util.MailLogger
	at java.net.URLClassLoader.findClass(Unknown Source)
	at java.lang.ClassLoader.loadClass(Unknown Source)
	at sun.misc.Launcher$AppClassLoader.loadClass(Unknown Source)
	at java.lang.ClassLoader.loadClass(Unknown Source)
	... 28 more
... Removed 23 stack frames]]>
    </failure>
  </testcase> <!-- @AfterTest terminate -->
  <testcase name="login" time="12.855" classname="com.cure.softweb.RUN.HomePage"/>
  <testcase name="createsp1" time="36.467" classname="com.cure.softweb.RUN.HomePage"/>
  <testcase name="createsp2" time="1.994" classname="com.cure.softweb.RUN.HomePage"/>
  <testcase name="createsp3" time="3.447" classname="com.cure.softweb.RUN.HomePage"/>
  <testcase name="createsp4" time="14.44" classname="com.cure.softweb.RUN.HomePage"/>
  <testcase name="createsp5" time="12.718" classname="com.cure.softweb.RUN.HomePage"/>
  <testcase name="createsp6" time="17.437" classname="com.cure.softweb.RUN.HomePage"/>
  <testcase name="createsp7" time="6.492" classname="com.cure.softweb.RUN.HomePage"/>
</testsuite> <!-- Home Page Test with chrome -->
