<?xml version="1.0" encoding="UTF-8"?>
<testng-results skipped="0" failed="0" ignored="0" total="1" passed="1">
  <reporter-output>
  </reporter-output>
  <suite name="Test suite 1" duration-ms="112454" started-at="2017-07-04T05:31:29Z" finished-at="2017-07-04T05:33:22Z">
    <groups>
    </groups>
    <test name="Home Page Test with chrome" duration-ms="112454" started-at="2017-07-04T05:31:29Z" finished-at="2017-07-04T05:33:22Z">
      <class name="com.cure.softweb.RUN.HomePage">
        <test-method status="PASS" signature="initiateBrowsers(java.lang.String, java.lang.String)[pri:0, instance:com.cure.softweb.RUN.HomePage@46d56d67]" name="initiateBrowsers" is-config="true" duration-ms="88162" started-at="2017-07-04T11:01:29Z" finished-at="2017-07-04T11:02:57Z">
          <params>
            <param index="0">
              <value>
                <![CDATA[chrome]]>
              </value>
            </param>
            <param index="1">
              <value>
                <![CDATA[http://swb.cureaccelerator.org]]>
              </value>
            </param>
          </params>
          <reporter-output>
          </reporter-output>
        </test-method> <!-- initiateBrowsers -->
        <test-method status="PASS" signature="login(java.lang.String, java.lang.String)[pri:1, instance:com.cure.softweb.RUN.HomePage@46d56d67]" name="login" duration-ms="16729" started-at="2017-07-04T11:02:59Z" data-provider="Login" finished-at="2017-07-04T11:03:16Z">
          <params>
            <param index="0">
              <value>
                <![CDATA[bsoftwebsolutions]]>
              </value>
            </param>
            <param index="1">
              <value>
                <![CDATA[testing!123]]>
              </value>
            </param>
          </params>
          <reporter-output>
          </reporter-output>
        </test-method> <!-- login -->
        <test-method status="PASS" signature="terminate()[pri:0, instance:com.cure.softweb.RUN.HomePage@46d56d67]" name="terminate" is-config="true" duration-ms="5548" started-at="2017-07-04T11:03:16Z" finished-at="2017-07-04T11:03:22Z">
          <reporter-output>
          </reporter-output>
        </test-method> <!-- terminate -->
      </class> <!-- com.cure.softweb.RUN.HomePage -->
    </test> <!-- Home Page Test with chrome -->
  </suite> <!-- Test suite 1 -->
</testng-results>
